2024-01-15 13:15:35.974 +06:00 [INFO] Program - Application is starting
2024-01-15 13:15:36.568 +06:00 [INFO] Microsoft.Hosting.Lifetime - Now listening on: https://localhost:7084
2024-01-15 13:15:36.573 +06:00 [INFO] Microsoft.Hosting.Lifetime - Now listening on: http://localhost:5103
2024-01-15 13:15:36.577 +06:00 [INFO] Microsoft.Hosting.Lifetime - Application started. Press Ctrl+C to shut down.
2024-01-15 13:15:36.577 +06:00 [INFO] Microsoft.Hosting.Lifetime - Hosting environment: Development
2024-01-15 13:15:36.578 +06:00 [INFO] Microsoft.Hosting.Lifetime - Content root path: D:\Onnorokom Project\YourAcademy\YourAcademy\
2024-01-15 14:27:25.694 +06:00 [INFO] Program - Application is starting
2024-01-15 14:27:26.261 +06:00 [INFO] Microsoft.Hosting.Lifetime - Now listening on: https://localhost:7084
2024-01-15 14:27:26.265 +06:00 [INFO] Microsoft.Hosting.Lifetime - Now listening on: http://localhost:5103
2024-01-15 14:27:26.269 +06:00 [INFO] Microsoft.Hosting.Lifetime - Application started. Press Ctrl+C to shut down.
2024-01-15 14:27:26.270 +06:00 [INFO] Microsoft.Hosting.Lifetime - Hosting environment: Development
2024-01-15 14:27:26.270 +06:00 [INFO] Microsoft.Hosting.Lifetime - Content root path: D:\Onnorokom Project\YourAcademy\YourAcademy.Web\
2024-01-15 19:55:30.701 +06:00 [INFO] Program - Application is starting
2024-01-15 19:55:31.658 +06:00 [INFO] Microsoft.Hosting.Lifetime - Now listening on: https://localhost:7084
2024-01-15 19:55:31.662 +06:00 [INFO] Microsoft.Hosting.Lifetime - Now listening on: http://localhost:5103
2024-01-15 19:55:31.668 +06:00 [INFO] Microsoft.Hosting.Lifetime - Application started. Press Ctrl+C to shut down.
2024-01-15 19:55:31.668 +06:00 [INFO] Microsoft.Hosting.Lifetime - Hosting environment: Development
2024-01-15 19:55:31.668 +06:00 [INFO] Microsoft.Hosting.Lifetime - Content root path: D:\Onnorokom Project\YourAcademy\YourAcademy.Web\
2024-01-15 21:20:46.683 +06:00 [INFO] Program - Application is starting
2024-01-15 21:20:47.098 +06:00 [INFO] Microsoft.Hosting.Lifetime - Now listening on: https://localhost:7084
2024-01-15 21:20:47.101 +06:00 [INFO] Microsoft.Hosting.Lifetime - Now listening on: http://localhost:5103
2024-01-15 21:20:47.104 +06:00 [INFO] Microsoft.Hosting.Lifetime - Application started. Press Ctrl+C to shut down.
2024-01-15 21:20:47.105 +06:00 [INFO] Microsoft.Hosting.Lifetime - Hosting environment: Development
2024-01-15 21:20:47.105 +06:00 [INFO] Microsoft.Hosting.Lifetime - Content root path: D:\Onnorokom Project\YourAcademy\YourAcademy.Web\
2024-01-15 21:20:52.266 +06:00 [INFO] NHibernate.Cfg.Environment - NHibernate 5.5.0+6933bf0fabce38c3b8a96f73724e20e23d66ba82 (assembly 5.5.0.0)
2024-01-15 21:20:52.304 +06:00 [INFO] NHibernate.Cfg.Environment - hibernate-configuration section not found in application configuration file
2024-01-15 21:20:52.309 +06:00 [INFO] NHibernate.Cfg.Environment - Bytecode provider name : lcg
2024-01-15 21:20:52.313 +06:00 [INFO] NHibernate.Cfg.Environment - Objects factory class : NHibernate.Bytecode.ActivatorObjectsFactory
2024-01-15 21:20:52.314 +06:00 [INFO] NHibernate.Cfg.Environment - Using reflection optimizer
2024-01-15 21:23:26.616 +06:00 [INFO] Program - Application is starting
2024-01-15 21:23:26.917 +06:00 [INFO] Microsoft.Hosting.Lifetime - Now listening on: https://localhost:7084
2024-01-15 21:23:26.919 +06:00 [INFO] Microsoft.Hosting.Lifetime - Now listening on: http://localhost:5103
2024-01-15 21:23:26.922 +06:00 [INFO] Microsoft.Hosting.Lifetime - Application started. Press Ctrl+C to shut down.
2024-01-15 21:23:26.923 +06:00 [INFO] Microsoft.Hosting.Lifetime - Hosting environment: Development
2024-01-15 21:23:26.923 +06:00 [INFO] Microsoft.Hosting.Lifetime - Content root path: D:\Onnorokom Project\YourAcademy\YourAcademy.Web\
2024-01-15 21:23:29.288 +06:00 [INFO] NHibernate.Cfg.Environment - NHibernate 5.5.0+6933bf0fabce38c3b8a96f73724e20e23d66ba82 (assembly 5.5.0.0)
2024-01-15 21:23:29.307 +06:00 [INFO] NHibernate.Cfg.Environment - hibernate-configuration section not found in application configuration file
2024-01-15 21:23:29.312 +06:00 [INFO] NHibernate.Cfg.Environment - Bytecode provider name : lcg
2024-01-15 21:23:29.315 +06:00 [INFO] NHibernate.Cfg.Environment - Objects factory class : NHibernate.Bytecode.ActivatorObjectsFactory
2024-01-15 21:23:29.315 +06:00 [INFO] NHibernate.Cfg.Environment - Using reflection optimizer
2024-01-15 21:23:30.629 +06:00 [INFO] NHibernate.Cfg.XmlHbmBinding.Binder - Mapping class: YourAcademy.DAL.Entity.Course -> Course
2024-01-15 21:23:30.749 +06:00 [INFO] NHibernate.Dialect.Dialect - Using dialect: NHibernate.Dialect.SQLiteDialect
2024-01-15 21:23:30.807 +06:00 [INFO] NHibernate.Cfg.Configuration - checking mappings queue
2024-01-15 21:23:30.808 +06:00 [INFO] NHibernate.Cfg.Configuration - processing one-to-many association mappings
2024-01-15 21:23:30.808 +06:00 [INFO] NHibernate.Cfg.Configuration - processing one-to-one association property references
2024-01-15 21:23:30.808 +06:00 [INFO] NHibernate.Cfg.Configuration - processing foreign key constraints
2024-01-15 21:23:30.811 +06:00 [INFO] NHibernate.Cfg.Configuration - processing filters (second pass)
2024-01-15 21:23:30.836 +06:00 [INFO] NHibernate.Cfg.Configuration - checking mappings queue
2024-01-15 21:23:30.836 +06:00 [INFO] NHibernate.Cfg.Configuration - processing one-to-many association mappings
2024-01-15 21:23:30.837 +06:00 [INFO] NHibernate.Cfg.Configuration - processing one-to-one association property references
2024-01-15 21:23:30.837 +06:00 [INFO] NHibernate.Cfg.Configuration - processing foreign key constraints
2024-01-15 21:23:30.838 +06:00 [INFO] NHibernate.Cfg.Configuration - processing filters (second pass)
2024-01-15 21:23:30.884 +06:00 [INFO] NHibernate.Connection.ConnectionProviderFactory - Initializing connection provider: NHibernate.Connection.DriverConnectionProvider
2024-01-15 21:23:30.886 +06:00 [INFO] NHibernate.Connection.ConnectionProvider - Configuring ConnectionProvider
2024-01-15 21:23:30.893 +06:00 [ERROR] NHibernate.Util.ReflectHelper - Could not load type System.Data.SQLite.SQLiteConnection, System.Data.SQLite.
System.IO.FileNotFoundException: Could not load file or assembly 'System.Data.SQLite, Culture=neutral, PublicKeyToken=null'. The system cannot find the file specified.
File name: 'System.Data.SQLite, Culture=neutral, PublicKeyToken=null'
   at System.Reflection.RuntimeAssembly.InternalLoad(ObjectHandleOnStack assemblyName, ObjectHandleOnStack requestingAssembly, StackCrawlMarkHandle stackMark, Boolean throwOnFileNotFound, ObjectHandleOnStack assemblyLoadContext, ObjectHandleOnStack retAssembly)
   at System.Reflection.RuntimeAssembly.InternalLoad(AssemblyName assemblyName, RuntimeAssembly requestingAssembly, StackCrawlMark& stackMark, Boolean throwOnFileNotFound, AssemblyLoadContext assemblyLoadContext)
   at System.Reflection.Assembly.Load(String assemblyString)
   at NHibernate.Util.ReflectHelper.TypeFromAssembly(AssemblyQualifiedTypeName name, Boolean throwOnError)
2024-01-15 21:23:31.298 +06:00 [ERROR] NHibernate.Util.ReflectHelper - Could not load type System.Data.SQLite.SQLiteCommand, System.Data.SQLite.
System.IO.FileNotFoundException: Could not load file or assembly 'System.Data.SQLite, Culture=neutral, PublicKeyToken=null'. The system cannot find the file specified.
File name: 'System.Data.SQLite, Culture=neutral, PublicKeyToken=null'
   at System.Reflection.RuntimeAssembly.InternalLoad(ObjectHandleOnStack assemblyName, ObjectHandleOnStack requestingAssembly, StackCrawlMarkHandle stackMark, Boolean throwOnFileNotFound, ObjectHandleOnStack assemblyLoadContext, ObjectHandleOnStack retAssembly)
   at System.Reflection.RuntimeAssembly.InternalLoad(AssemblyName assemblyName, RuntimeAssembly requestingAssembly, StackCrawlMark& stackMark, Boolean throwOnFileNotFound, AssemblyLoadContext assemblyLoadContext)
   at System.Reflection.Assembly.Load(String assemblyString)
   at NHibernate.Util.ReflectHelper.TypeFromAssembly(AssemblyQualifiedTypeName name, Boolean throwOnError)
2024-01-15 21:25:18.242 +06:00 [INFO] Program - Application is starting
2024-01-15 21:25:18.684 +06:00 [INFO] Microsoft.Hosting.Lifetime - Now listening on: https://localhost:7084
2024-01-15 21:25:18.689 +06:00 [INFO] Microsoft.Hosting.Lifetime - Now listening on: http://localhost:5103
2024-01-15 21:25:18.695 +06:00 [INFO] Microsoft.Hosting.Lifetime - Application started. Press Ctrl+C to shut down.
2024-01-15 21:25:18.695 +06:00 [INFO] Microsoft.Hosting.Lifetime - Hosting environment: Development
2024-01-15 21:25:18.695 +06:00 [INFO] Microsoft.Hosting.Lifetime - Content root path: D:\Onnorokom Project\YourAcademy\YourAcademy.Web\
2024-01-15 21:25:21.941 +06:00 [INFO] NHibernate.Cfg.Environment - NHibernate 5.5.0+6933bf0fabce38c3b8a96f73724e20e23d66ba82 (assembly 5.5.0.0)
2024-01-15 21:25:21.985 +06:00 [INFO] NHibernate.Cfg.Environment - hibernate-configuration section not found in application configuration file
2024-01-15 21:25:21.992 +06:00 [INFO] NHibernate.Cfg.Environment - Bytecode provider name : lcg
2024-01-15 21:25:21.995 +06:00 [INFO] NHibernate.Cfg.Environment - Objects factory class : NHibernate.Bytecode.ActivatorObjectsFactory
2024-01-15 21:25:21.996 +06:00 [INFO] NHibernate.Cfg.Environment - Using reflection optimizer
2024-01-15 21:25:23.143 +06:00 [INFO] NHibernate.Cfg.XmlHbmBinding.Binder - Mapping class: YourAcademy.DAL.Entity.Course -> Course
2024-01-15 21:25:23.294 +06:00 [INFO] NHibernate.Dialect.Dialect - Using dialect: NHibernate.Dialect.SQLiteDialect
2024-01-15 21:25:23.358 +06:00 [INFO] NHibernate.Cfg.Configuration - checking mappings queue
2024-01-15 21:25:23.359 +06:00 [INFO] NHibernate.Cfg.Configuration - processing one-to-many association mappings
2024-01-15 21:25:23.359 +06:00 [INFO] NHibernate.Cfg.Configuration - processing one-to-one association property references
2024-01-15 21:25:23.360 +06:00 [INFO] NHibernate.Cfg.Configuration - processing foreign key constraints
2024-01-15 21:25:23.362 +06:00 [INFO] NHibernate.Cfg.Configuration - processing filters (second pass)
2024-01-15 21:25:23.391 +06:00 [INFO] NHibernate.Cfg.Configuration - checking mappings queue
2024-01-15 21:25:23.391 +06:00 [INFO] NHibernate.Cfg.Configuration - processing one-to-many association mappings
2024-01-15 21:25:23.392 +06:00 [INFO] NHibernate.Cfg.Configuration - processing one-to-one association property references
2024-01-15 21:25:23.392 +06:00 [INFO] NHibernate.Cfg.Configuration - processing foreign key constraints
2024-01-15 21:25:23.393 +06:00 [INFO] NHibernate.Cfg.Configuration - processing filters (second pass)
2024-01-15 21:25:23.416 +06:00 [INFO] NHibernate.Connection.ConnectionProviderFactory - Initializing connection provider: NHibernate.Connection.DriverConnectionProvider
2024-01-15 21:25:23.420 +06:00 [INFO] NHibernate.Connection.ConnectionProvider - Configuring ConnectionProvider
2024-01-15 21:25:24.180 +06:00 [INFO] NHibernate.Dialect.Dialect - Using dialect: NHibernate.Dialect.SQLiteDialect
2024-01-15 21:25:24.410 +06:00 [INFO] NHibernate.Dialect.Dialect - Using dialect: NHibernate.Dialect.SQLiteDialect
2024-01-15 21:25:24.572 +06:00 [INFO] NHibernate.Exceptions.SQLExceptionConverterFactory - Using dialect defined converter
2024-01-15 21:25:24.573 +06:00 [INFO] NHibernate.Cfg.SettingsFactory - Generate SQL with comments: disabled
2024-01-15 21:25:24.573 +06:00 [INFO] NHibernate.Cfg.SettingsFactory - Detect fetch loops: enabled
2024-01-15 21:25:24.574 +06:00 [INFO] NHibernate.Connection.ConnectionProviderFactory - Initializing connection provider: NHibernate.Connection.DriverConnectionProvider
2024-01-15 21:25:24.575 +06:00 [INFO] NHibernate.Connection.ConnectionProvider - Configuring ConnectionProvider
2024-01-15 21:25:24.577 +06:00 [INFO] NHibernate.Cfg.SettingsFactory - Transaction factory: NHibernate.Transaction.AdoNetWithSystemTransactionFactory
2024-01-15 21:25:24.579 +06:00 [INFO] NHibernate.Cfg.SettingsFactory - Optimize cache for minimal puts: False
2024-01-15 21:25:24.579 +06:00 [INFO] NHibernate.Cfg.SettingsFactory - Connection release mode: auto
2024-01-15 21:25:24.579 +06:00 [INFO] NHibernate.Cfg.SettingsFactory - Default batch fetch size: 1
2024-01-15 21:25:24.580 +06:00 [INFO] NHibernate.Cfg.SettingsFactory - Statistics: disabled
2024-01-15 21:25:24.580 +06:00 [INFO] NHibernate.Cfg.SettingsFactory - Deleted entity synthetic identifier rollback: disabled
2024-01-15 21:25:24.582 +06:00 [INFO] NHibernate.Cfg.SettingsFactory - Query translator: NHibernate.Hql.Ast.ANTLR.ASTQueryTranslatorFactory
2024-01-15 21:25:24.584 +06:00 [INFO] NHibernate.Cfg.SettingsFactory - Query provider: NHibernate.Linq.DefaultQueryProvider
2024-01-15 21:25:24.587 +06:00 [INFO] NHibernate.Cfg.SettingsFactory - Query language substitutions: {'true'='1', 'false'='0'}
2024-01-15 21:25:24.589 +06:00 [INFO] NHibernate.Cfg.SettingsFactory - cache provider: NHibernate.Cache.NoCacheProvider, NHibernate, Version=5.5.0.0, Culture=neutral, PublicKeyToken=aa95f207798dfdb4
2024-01-15 21:25:24.590 +06:00 [INFO] NHibernate.Cfg.SettingsFactory - Order SQL inserts for batching: disabled
2024-01-15 21:25:24.590 +06:00 [INFO] NHibernate.Cfg.SettingsFactory - Order SQL updates for batching: disabled
2024-01-15 21:25:24.592 +06:00 [INFO] NHibernate.Cfg.SettingsFactory - Batcher factory: NHibernate.AdoNet.NonBatchingBatcherFactory, NHibernate, Version=5.5.0.0, Culture=neutral, PublicKeyToken=aa95f207798dfdb4
2024-01-15 21:25:24.592 +06:00 [INFO] NHibernate.Cfg.SettingsFactory - Default flush mode: Auto
2024-01-15 21:25:24.592 +06:00 [INFO] NHibernate.Cfg.SettingsFactory - Named query checking : enabled
2024-01-15 21:25:24.593 +06:00 [INFO] NHibernate.Cfg.SettingsFactory - Never cached entities/collections query cache throws exception : enabled
2024-01-15 21:25:24.597 +06:00 [INFO] NHibernate.Cfg.Configuration - checking mappings queue
2024-01-15 21:25:24.597 +06:00 [INFO] NHibernate.Cfg.Configuration - processing one-to-many association mappings
2024-01-15 21:25:24.597 +06:00 [INFO] NHibernate.Cfg.Configuration - processing one-to-one association property references
2024-01-15 21:25:24.598 +06:00 [INFO] NHibernate.Cfg.Configuration - processing foreign key constraints
2024-01-15 21:25:24.598 +06:00 [INFO] NHibernate.Cfg.Configuration - processing filters (second pass)
2024-01-15 21:25:24.730 +06:00 [ERROR] Microsoft.AspNetCore.Diagnostics.DeveloperExceptionPageMiddleware - An unhandled exception has occurred while executing the request.
FluentNHibernate.Cfg.FluentConfigurationException: An invalid or incomplete configuration was used while creating a SessionFactory. Check PotentialReasons collection, and InnerException for more detail.


 ---> NHibernate.InvalidProxyTypeException: The following types may not be used as proxies:
YourAcademy.DAL.Entity.Course: method get_Id should be 'public/protected virtual' or 'protected internal virtual'
YourAcademy.DAL.Entity.Course: method set_Id should be 'public/protected virtual' or 'protected internal virtual'
YourAcademy.DAL.Entity.Course: method get_Title should be 'public/protected virtual' or 'protected internal virtual'
YourAcademy.DAL.Entity.Course: method set_Title should be 'public/protected virtual' or 'protected internal virtual'
YourAcademy.DAL.Entity.Course: method get_Description should be 'public/protected virtual' or 'protected internal virtual'
YourAcademy.DAL.Entity.Course: method set_Description should be 'public/protected virtual' or 'protected internal virtual'
YourAcademy.DAL.Entity.Course: method get_Price should be 'public/protected virtual' or 'protected internal virtual'
YourAcademy.DAL.Entity.Course: method set_Price should be 'public/protected virtual' or 'protected internal virtual'
YourAcademy.DAL.Entity.Course: method get_Instructor should be 'public/protected virtual' or 'protected internal virtual'
YourAcademy.DAL.Entity.Course: method set_Instructor should be 'public/protected virtual' or 'protected internal virtual'
YourAcademy.DAL.Entity.Course: method get_Image should be 'public/protected virtual' or 'protected internal virtual'
YourAcademy.DAL.Entity.Course: method set_Image should be 'public/protected virtual' or 'protected internal virtual'
YourAcademy.DAL.Entity.Course: method get_Rating should be 'public/protected virtual' or 'protected internal virtual'
YourAcademy.DAL.Entity.Course: method set_Rating should be 'public/protected virtual' or 'protected internal virtual'
   at NHibernate.Cfg.Configuration.ValidateEntities(IMapping mapping)
   at NHibernate.Cfg.Configuration.Validate(IMapping mapping)
   at NHibernate.Cfg.Configuration.BuildSessionFactory()
   at FluentNHibernate.Cfg.FluentConfiguration.BuildSessionFactory()
   --- End of inner exception stack trace ---
   at FluentNHibernate.Cfg.FluentConfiguration.BuildSessionFactory()
   at YourAcademy.DAL.NHibernateHelper.InitializeSessionFactory() in D:\Onnorokom Project\YourAcademy\YourAcademy.DAL\NHibernateHelper.cs:line 31
   at YourAcademy.DAL.NHibernateHelper.get_SessionFactory() in D:\Onnorokom Project\YourAcademy\YourAcademy.DAL\NHibernateHelper.cs:line 19
   at YourAcademy.DAL.NHibernateHelper.OpenSession() in D:\Onnorokom Project\YourAcademy\YourAcademy.DAL\NHibernateHelper.cs:line 26
   at YourAcademy.DAL.NHibernateMiddleware.Invoke(HttpContext context) in D:\Onnorokom Project\YourAcademy\YourAcademy.DAL\NHibernateMiddleware.cs:line 17
   at Microsoft.AspNetCore.Diagnostics.DeveloperExceptionPageMiddleware.Invoke(HttpContext context)


2024-01-15 21:25:25.506 +06:00 [INFO] NHibernate.Cfg.XmlHbmBinding.Binder - Mapping class: YourAcademy.DAL.Entity.Course -> Course
2024-01-15 21:25:25.507 +06:00 [INFO] NHibernate.Dialect.Dialect - Using dialect: NHibernate.Dialect.SQLiteDialect
2024-01-15 21:25:25.509 +06:00 [INFO] NHibernate.Cfg.Configuration - checking mappings queue
2024-01-15 21:25:25.509 +06:00 [INFO] NHibernate.Cfg.Configuration - processing one-to-many association mappings
2024-01-15 21:25:25.510 +06:00 [INFO] NHibernate.Cfg.Configuration - processing one-to-one association property references
2024-01-15 21:25:25.511 +06:00 [INFO] NHibernate.Cfg.Configuration - processing foreign key constraints
2024-01-15 21:25:25.511 +06:00 [INFO] NHibernate.Cfg.Configuration - processing filters (second pass)
2024-01-15 21:25:25.512 +06:00 [INFO] NHibernate.Cfg.Configuration - checking mappings queue
2024-01-15 21:25:25.512 +06:00 [INFO] NHibernate.Cfg.Configuration - processing one-to-many association mappings
2024-01-15 21:25:25.512 +06:00 [INFO] NHibernate.Cfg.Configuration - processing one-to-one association property references
2024-01-15 21:25:25.513 +06:00 [INFO] NHibernate.Cfg.Configuration - processing foreign key constraints
2024-01-15 21:25:25.513 +06:00 [INFO] NHibernate.Cfg.Configuration - processing filters (second pass)
2024-01-15 21:25:25.514 +06:00 [INFO] NHibernate.Connection.ConnectionProviderFactory - Initializing connection provider: NHibernate.Connection.DriverConnectionProvider
2024-01-15 21:25:25.514 +06:00 [INFO] NHibernate.Connection.ConnectionProvider - Configuring ConnectionProvider
2024-01-15 21:25:25.523 +06:00 [INFO] NHibernate.Dialect.Dialect - Using dialect: NHibernate.Dialect.SQLiteDialect
2024-01-15 21:25:25.527 +06:00 [INFO] NHibernate.Dialect.Dialect - Using dialect: NHibernate.Dialect.SQLiteDialect
2024-01-15 21:25:25.530 +06:00 [INFO] NHibernate.Exceptions.SQLExceptionConverterFactory - Using dialect defined converter
2024-01-15 21:25:25.531 +06:00 [INFO] NHibernate.Cfg.SettingsFactory - Generate SQL with comments: disabled
2024-01-15 21:25:25.534 +06:00 [INFO] NHibernate.Cfg.SettingsFactory - Detect fetch loops: enabled
2024-01-15 21:25:25.536 +06:00 [INFO] NHibernate.Connection.ConnectionProviderFactory - Initializing connection provider: NHibernate.Connection.DriverConnectionProvider
2024-01-15 21:25:25.537 +06:00 [INFO] NHibernate.Connection.ConnectionProvider - Configuring ConnectionProvider
2024-01-15 21:25:25.538 +06:00 [INFO] NHibernate.Cfg.SettingsFactory - Transaction factory: NHibernate.Transaction.AdoNetWithSystemTransactionFactory
2024-01-15 21:25:25.539 +06:00 [INFO] NHibernate.Cfg.SettingsFactory - Optimize cache for minimal puts: False
2024-01-15 21:25:25.540 +06:00 [INFO] NHibernate.Cfg.SettingsFactory - Connection release mode: auto
2024-01-15 21:25:25.542 +06:00 [INFO] NHibernate.Cfg.SettingsFactory - Default batch fetch size: 1
2024-01-15 21:25:25.543 +06:00 [INFO] NHibernate.Cfg.SettingsFactory - Statistics: disabled
2024-01-15 21:25:25.543 +06:00 [INFO] NHibernate.Cfg.SettingsFactory - Deleted entity synthetic identifier rollback: disabled
2024-01-15 21:25:25.544 +06:00 [INFO] NHibernate.Cfg.SettingsFactory - Query translator: NHibernate.Hql.Ast.ANTLR.ASTQueryTranslatorFactory
2024-01-15 21:25:25.545 +06:00 [INFO] NHibernate.Cfg.SettingsFactory - Query provider: NHibernate.Linq.DefaultQueryProvider
2024-01-15 21:25:25.545 +06:00 [INFO] NHibernate.Cfg.SettingsFactory - Query language substitutions: {'true'='1', 'false'='0'}
2024-01-15 21:25:25.546 +06:00 [INFO] NHibernate.Cfg.SettingsFactory - cache provider: NHibernate.Cache.NoCacheProvider, NHibernate, Version=5.5.0.0, Culture=neutral, PublicKeyToken=aa95f207798dfdb4
2024-01-15 21:25:25.547 +06:00 [INFO] NHibernate.Cfg.SettingsFactory - Order SQL inserts for batching: disabled
2024-01-15 21:25:25.547 +06:00 [INFO] NHibernate.Cfg.SettingsFactory - Order SQL updates for batching: disabled
2024-01-15 21:25:25.548 +06:00 [INFO] NHibernate.Cfg.SettingsFactory - Batcher factory: NHibernate.AdoNet.NonBatchingBatcherFactory, NHibernate, Version=5.5.0.0, Culture=neutral, PublicKeyToken=aa95f207798dfdb4
2024-01-15 21:25:25.550 +06:00 [INFO] NHibernate.Cfg.SettingsFactory - Default flush mode: Auto
2024-01-15 21:25:25.567 +06:00 [INFO] NHibernate.Cfg.SettingsFactory - Named query checking : enabled
2024-01-15 21:25:25.576 +06:00 [INFO] NHibernate.Cfg.SettingsFactory - Never cached entities/collections query cache throws exception : enabled
2024-01-15 21:25:25.604 +06:00 [INFO] NHibernate.Cfg.Configuration - checking mappings queue
2024-01-15 21:25:25.607 +06:00 [INFO] NHibernate.Cfg.Configuration - processing one-to-many association mappings
2024-01-15 21:25:25.608 +06:00 [INFO] NHibernate.Cfg.Configuration - processing one-to-one association property references
2024-01-15 21:25:25.610 +06:00 [INFO] NHibernate.Cfg.Configuration - processing foreign key constraints
2024-01-15 21:25:25.611 +06:00 [INFO] NHibernate.Cfg.Configuration - processing filters (second pass)
2024-01-15 21:25:25.690 +06:00 [ERROR] Microsoft.AspNetCore.Diagnostics.DeveloperExceptionPageMiddleware - An unhandled exception has occurred while executing the request.
FluentNHibernate.Cfg.FluentConfigurationException: An invalid or incomplete configuration was used while creating a SessionFactory. Check PotentialReasons collection, and InnerException for more detail.


 ---> NHibernate.InvalidProxyTypeException: The following types may not be used as proxies:
YourAcademy.DAL.Entity.Course: method get_Id should be 'public/protected virtual' or 'protected internal virtual'
YourAcademy.DAL.Entity.Course: method set_Id should be 'public/protected virtual' or 'protected internal virtual'
YourAcademy.DAL.Entity.Course: method get_Title should be 'public/protected virtual' or 'protected internal virtual'
YourAcademy.DAL.Entity.Course: method set_Title should be 'public/protected virtual' or 'protected internal virtual'
YourAcademy.DAL.Entity.Course: method get_Description should be 'public/protected virtual' or 'protected internal virtual'
YourAcademy.DAL.Entity.Course: method set_Description should be 'public/protected virtual' or 'protected internal virtual'
YourAcademy.DAL.Entity.Course: method get_Price should be 'public/protected virtual' or 'protected internal virtual'
YourAcademy.DAL.Entity.Course: method set_Price should be 'public/protected virtual' or 'protected internal virtual'
YourAcademy.DAL.Entity.Course: method get_Instructor should be 'public/protected virtual' or 'protected internal virtual'
YourAcademy.DAL.Entity.Course: method set_Instructor should be 'public/protected virtual' or 'protected internal virtual'
YourAcademy.DAL.Entity.Course: method get_Image should be 'public/protected virtual' or 'protected internal virtual'
YourAcademy.DAL.Entity.Course: method set_Image should be 'public/protected virtual' or 'protected internal virtual'
YourAcademy.DAL.Entity.Course: method get_Rating should be 'public/protected virtual' or 'protected internal virtual'
YourAcademy.DAL.Entity.Course: method set_Rating should be 'public/protected virtual' or 'protected internal virtual'
   at NHibernate.Cfg.Configuration.ValidateEntities(IMapping mapping)
   at NHibernate.Cfg.Configuration.Validate(IMapping mapping)
   at NHibernate.Cfg.Configuration.BuildSessionFactory()
   at FluentNHibernate.Cfg.FluentConfiguration.BuildSessionFactory()
   --- End of inner exception stack trace ---
   at FluentNHibernate.Cfg.FluentConfiguration.BuildSessionFactory()
   at YourAcademy.DAL.NHibernateHelper.InitializeSessionFactory() in D:\Onnorokom Project\YourAcademy\YourAcademy.DAL\NHibernateHelper.cs:line 31
   at YourAcademy.DAL.NHibernateHelper.get_SessionFactory() in D:\Onnorokom Project\YourAcademy\YourAcademy.DAL\NHibernateHelper.cs:line 19
   at YourAcademy.DAL.NHibernateHelper.OpenSession() in D:\Onnorokom Project\YourAcademy\YourAcademy.DAL\NHibernateHelper.cs:line 26
   at YourAcademy.DAL.NHibernateMiddleware.Invoke(HttpContext context) in D:\Onnorokom Project\YourAcademy\YourAcademy.DAL\NHibernateMiddleware.cs:line 17
   at Microsoft.AspNetCore.Diagnostics.DeveloperExceptionPageMiddleware.Invoke(HttpContext context)


